<?xml version="1.0" encoding="UTF-8"?>
<testsuite xmlns:xsi="http://www.w3.org/2001/XMLSchema-instance" xsi:noNamespaceSchemaLocation="https://maven.apache.org/surefire/maven-surefire-plugin/xsd/surefire-test-report.xsd" version="3.0.2" name="com.ryan.rulesengine.IntegrationTest" time="4.663" tests="1" errors="0" skipped="0" failures="0">
  <properties>
[...]
</properties>
  <testcase name="integrationTest" classname="com.ryan.rulesengine.IntegrationTest" time="4.663">
    <system-out><![CDATA[mqttClient connected
output topic: BRE/calculateWinterSupplementOutput/integrationTest1
input topic: BRE/calculateWinterSupplementInput/integrationTest1
Message subscribed, topic: BRE/calculateWinterSupplementInput/integrationTest1
Message subscribed, topic: BRE/calculateWinterSupplementOutput/integrationTest1
Message published, topic: BRE/calculateWinterSupplementInput/integrationTest1, msg: {"id":"integrationTest1","numberOfChildren":3,"familyComposition":"single","familyUnitInPayForDecember":true}
Message published, topic: BRE/calculateWinterSupplementOutput/integrationTest1, msg: {"id":"integrationTest1","isEligible":true,"baseAmount":120.0,"childrenAmount":60.0,"supplementAmount":180.0}
mqttClient disconnected
]]></system-out>
  </testcase>
</testsuite>